<?xml version="1.0" encoding="UTF-8"?>
<testsuite xmlns:xsi="http://www.w3.org/2001/XMLSchema-instance" xsi:noNamespaceSchemaLocation="https://maven.apache.org/surefire/maven-surefire-plugin/xsd/surefire-test-report-3.0.xsd" version="3.0" name="TestSuite" time="18.529" tests="1" errors="0" skipped="0" failures="0">
  <properties>
[...]
</properties>
  <testcase name="dashboard_tc[10](1)" classname="com.hbaxa.testcases.TC_PA_List_newTC" time="3.632">
    <system-out><![CDATA[Current Row is 10
12-05-2024 23:06:14 - [hbAxa] - [BaseClass.java] - [setup] - INFO  - 147 - Base url launched
12-05-2024 23:06:19 - [hbAxa] - [TC_PA_List_newTC.java] - [pom_object] - INFO  - 62 - <===== PA TEST STARTED  Dashboard PA List PROCESS ====>
12-05-2024 23:06:19 - [hbAxa] - [TC_PA_List_newTC.java] - [pom_object] - INFO  - 68 - Login test started
12-05-2024 23:06:19 - [hbAxa] - [TC_PA_List_newTC.java] - [pom_object] - INFO  - 74 - Username Entered
12-05-2024 23:06:19 - [hbAxa] - [TC_PA_List_newTC.java] - [pom_object] - INFO  - 77 - Password Entered
12-05-2024 23:06:22 - [hbAxa] - [TC_PA_List_newTC.java] - [pom_object] - INFO  - 80 - Submit Button Clicked
12-05-2024 23:06:23 - [hbAxa] - [TC_PA_List_newTC.java] - [dashboard_tc] - INFO  - 158 - click dashboard
12-05-2024 23:06:23 - [hbAxa] - [TC_PA_List_newTC.java] - [dashboard_tc] - INFO  - 160 - check Approved
12-05-2024 23:06:23 - [hbAxa] - [TC_PA_List_newTC.java] - [dashboard_tc] - INFO  - 164 - check decliend_PA
12-05-2024 23:06:23 - [hbAxa] - [TC_PA_List_newTC.java] - [dashboard_tc] - INFO  - 166 - check logout
12-05-2024 23:06:23 - [hbAxa] - [TC_PA_List_newTC.java] - [dashboard_tc] - INFO  - 168 - check pending_PA
12-05-2024 23:06:23 - [hbAxa] - [TC_PA_List_newTC.java] - [dashboard_tc] - INFO  - 172 - checktotal_PA
Full Page Screenshot taken
12-05-2024 23:06:25 - [hbAxa] - [TC_PA_List_newTC.java] - [dashboard_tc] - INFO  - 175 - full Screenshot Caputered for Dashboard
]]></system-out>
    <system-err><![CDATA[Starting ChromeDriver 114.0.5735.90 (386bc09e8f4f2e025eddae123f36f6263096ae49-refs/branch-heads/5735@{#1052}) on port 44032
Only local connections are allowed.
Please see https://chromedriver.chromium.org/security-considerations for suggestions on keeping ChromeDriver safe.
ChromeDriver was started successfully.
Dec 05, 2024 11:06:13 PM org.openqa.selenium.remote.ProtocolHandshake createSession
INFO: Detected dialect: W3C
]]></system-err>
  </testcase>
</testsuite>